生成启动时间为 2021/2/20 14:41:42。
     1>项目“D:\程序\study\test_2_20\test_2_20\test_2_20.vcxproj”在节点 2 上(Build 个目标)。
     1>ClCompile:
         D:\Program Files (x86)\VC\bin\x86_amd64\CL.exe /c /ID:\Edge\opencv\build\x64\vc14 /ID:\Edge\opencv\build\x64\vc15 /ID:\Edge\opencv\build\include /Zi /nologo /W3 /WX- /sdl /Od /D WIN32 /D _DEBUG /D _CONSOLE /D _LIB /D _UNICODE /D UNICODE /Gm /EHsc /RTC1 /MDd /GS /fp:precise /Zc:wchar_t /Zc:forScope /Fo"x64\Debug\\" /Fd"x64\Debug\vc120.pdb" /Gd /TP /errorReport:prompt test.cpp
         test.cpp
     1>D:\Edge\opencv\build\include\opencv2/dnn/dnn.hpp(1087): error C2610: “cv::dnn::dnn4_v20201117::Model::Model(cv::dnn::dnn4_v20201117::Model &&)”: 不是可默认为的特殊成员函数
     1>D:\Edge\opencv\build\include\opencv2/dnn/dnn.hpp(1089): error C2610: “cv::dnn::dnn4_v20201117::Model &cv::dnn::dnn4_v20201117::Model::operator =(cv::dnn::dnn4_v20201117::Model &&)”: 不是可默认为的特殊成员函数
     1>test.cpp(9): warning C4129: “g”: 不可识别的字符转义序列
     1>已完成生成项目“D:\程序\study\test_2_20\test_2_20\test_2_20.vcxproj”(Build 个目标)的操作 - 失败。

生成失败。

已用时间 00:00:02.62
